<?xml version="1.0" encoding="UTF-8"?>
<!-- Generated by org.testng.reporters.JUnitXMLReporter -->
<testsuite hostname="NDI-LAP-840" ignored="0" name="Test" tests="7" failures="0" timestamp="2021-03-12T17:22:28 IST" time="76.847" errors="0">
  <testcase name="login" time="10.072" classname="autodemo.tests.loginpagetest"/>
  <testcase name="addproduct" time="12.032" classname="autodemo.tests.AddProductTest"/>
  <testcase name="createproduct" time="11.314" classname="autodemo.tests.createproducttest"/>
  <testcase name="engageproductdetails" time="1.804" classname="autodemo.tests.engageproductdetailstest"/>
  <testcase name="cancel" time="4.846" classname="autodemo.tests.otherdetailstest"/>
  <testcase name="productdetails" time="4.96" classname="autodemo.tests.productdetailstest"/>
  <testcase name="comparearray" time="0.003" classname="autodemo.tests.comparearraystest"/>
</testsuite> <!-- Test -->
